<?xml version="1.0" encoding="UTF-8"?>
<testng-results ignored="0" total="1" passed="1" failed="0" skipped="0">
  <reporter-output>
  </reporter-output>
  <suite started-at="2023-02-07T09:45:54 IST" name="Default suite" finished-at="2023-02-07T09:46:56 IST" duration-ms="62355">
    <groups>
    </groups>
    <test started-at="2023-02-07T09:45:54 IST" name="Default test" finished-at="2023-02-07T09:46:56 IST" duration-ms="62355">
      <class name="Package1.DD">
        <test-method is-config="true" signature="BT()[pri:0, instance:Package1.DD@55b7a4e0]" started-at="2023-02-07T09:45:54 IST" name="BT" finished-at="2023-02-07T09:46:14 IST" duration-ms="20193" status="PASS">
          <reporter-output>
          </reporter-output>
        </test-method> <!-- BT -->
        <test-method signature="datadriven()[pri:0, instance:Package1.DD@55b7a4e0]" started-at="2023-02-07T09:46:14 IST" name="datadriven" finished-at="2023-02-07T09:46:56 IST" duration-ms="42083" status="PASS">
          <reporter-output>
          </reporter-output>
        </test-method> <!-- datadriven -->
      </class> <!-- Package1.DD -->
    </test> <!-- Default test -->
  </suite> <!-- Default suite -->
</testng-results>
