<?xml version="1.0" encoding="UTF-8"?>
<testng-results ignored="0" total="1" passed="1" failed="0" skipped="0">
  <reporter-output>
  </reporter-output>
  <suite started-at="2023-01-04T19:55:33 IST" name="Default suite" finished-at="2023-01-04T19:56:00 IST" duration-ms="27109">
    <groups>
    </groups>
    <test started-at="2023-01-04T19:55:33 IST" name="Default test" finished-at="2023-01-04T19:56:00 IST" duration-ms="27109">
      <class name="Package1.resizable">
        <test-method is-config="true" signature="beforeTest()[pri:0, instance:Package1.resizable@3daa422a]" started-at="2023-01-04T19:55:33 IST" name="beforeTest" finished-at="2023-01-04T19:55:49 IST" duration-ms="16129" status="PASS">
          <reporter-output>
          </reporter-output>
        </test-method> <!-- beforeTest -->
        <test-method signature="rs()[pri:0, instance:Package1.resizable@3daa422a]" started-at="2023-01-04T19:55:50 IST" name="rs" finished-at="2023-01-04T19:56:00 IST" duration-ms="10905" status="PASS">
          <reporter-output>
          </reporter-output>
        </test-method> <!-- rs -->
        <test-method is-config="true" signature="afterTest()[pri:0, instance:Package1.resizable@3daa422a]" started-at="2023-01-04T19:56:00 IST" name="afterTest" finished-at="2023-01-04T19:56:00 IST" duration-ms="0" status="PASS">
          <reporter-output>
          </reporter-output>
        </test-method> <!-- afterTest -->
      </class> <!-- Package1.resizable -->
    </test> <!-- Default test -->
  </suite> <!-- Default suite -->
</testng-results>
