<?xml version="1.0" encoding="UTF-8"?>
<testng-results ignored="0" total="1" passed="1" failed="0" skipped="0">
  <reporter-output>
  </reporter-output>
  <suite started-at="2023-01-31T21:02:19 IST" name="Default suite" finished-at="2023-01-31T21:05:14 IST" duration-ms="174784">
    <groups>
    </groups>
    <test started-at="2023-01-31T21:02:19 IST" name="Default test" finished-at="2023-01-31T21:05:14 IST" duration-ms="174784">
      <class name="Package2.banjara">
        <test-method is-config="true" signature="bt()[pri:0, instance:Package2.banjara@2b662a77]" started-at="2023-01-31T21:02:19 IST" name="bt" finished-at="2023-01-31T21:02:38 IST" duration-ms="19140" status="PASS">
          <reporter-output>
          </reporter-output>
        </test-method> <!-- bt -->
        <test-method signature="test1()[pri:0, instance:Package2.banjara@2b662a77]" started-at="2023-01-31T21:02:38 IST" name="test1" finished-at="2023-01-31T21:05:13 IST" duration-ms="154162" status="PASS">
          <reporter-output>
          </reporter-output>
        </test-method> <!-- test1 -->
        <test-method is-config="true" signature="afterTest()[pri:0, instance:Package2.banjara@2b662a77]" started-at="2023-01-31T21:05:13 IST" name="afterTest" finished-at="2023-01-31T21:05:14 IST" duration-ms="1283" status="PASS">
          <reporter-output>
          </reporter-output>
        </test-method> <!-- afterTest -->
      </class> <!-- Package2.banjara -->
    </test> <!-- Default test -->
  </suite> <!-- Default suite -->
</testng-results>
