<?xml version="1.0" encoding="UTF-8"?>
<testng-results ignored="0" total="1" passed="1" failed="0" skipped="0">
  <reporter-output>
  </reporter-output>
  <suite started-at="2023-01-31T19:56:40 IST" name="Default suite" finished-at="2023-01-31T19:57:16 IST" duration-ms="35946">
    <groups>
    </groups>
    <test started-at="2023-01-31T19:56:40 IST" name="Default test" finished-at="2023-01-31T19:57:16 IST" duration-ms="35946">
      <class name="Package2.Extent_Report">
        <test-method is-config="true" signature="beforeTest()[pri:0, instance:Package2.Extent_Report@52bf72b5]" started-at="2023-01-31T19:56:40 IST" name="beforeTest" finished-at="2023-01-31T19:56:46 IST" duration-ms="6647" status="PASS">
          <reporter-output>
          </reporter-output>
        </test-method> <!-- beforeTest -->
        <test-method signature="ohrm()[pri:0, instance:Package2.Extent_Report@52bf72b5]" started-at="2023-01-31T19:56:46 IST" name="ohrm" finished-at="2023-01-31T19:57:11 IST" duration-ms="24552" status="PASS">
          <reporter-output>
          </reporter-output>
        </test-method> <!-- ohrm -->
        <test-method is-config="true" signature="afterTest()[pri:0, instance:Package2.Extent_Report@52bf72b5]" started-at="2023-01-31T19:57:11 IST" name="afterTest" finished-at="2023-01-31T19:57:16 IST" duration-ms="4628" status="PASS">
          <reporter-output>
          </reporter-output>
        </test-method> <!-- afterTest -->
      </class> <!-- Package2.Extent_Report -->
    </test> <!-- Default test -->
  </suite> <!-- Default suite -->
</testng-results>
